  MFC_plus_YoloDlg.cpp
  darknet.c
c:\program files\nvidia gpu computing toolkit\cuda\v10.1\include\cuda_fp16.h : warning C4819: 현재 코드 페이지(949)에서 표시할 수 없는 문자가 파일에 들어 있습니다. 데이터가 손실되지 않게 하려면 해당 파일을 유니코드 형식으로 저장하십시오.
c:\users\kimtaehyung\source\repos\mfc_plus_yolo\mfc_plus_yolo\src\activations.h(32): warning C4244: '초기화 중': 'float'에서 'int'(으)로 변환하면서 데이터가 손실될 수 있습니다.
c:\users\kimtaehyung\source\repos\mfc_plus_yolo\mfc_plus_yolo\src\activations.h(88): warning C4244: 'return': 'int'에서 'float'(으)로 변환하면서 데이터가 손실될 수 있습니다.
c:\users\kimtaehyung\source\repos\mfc_plus_yolo\mfc_plus_yolo\src\darknet.c(75): warning C4244: '함수': 'double'에서 'float'(으)로 변환하면서 데이터가 손실될 수 있습니다.
c:\users\kimtaehyung\source\repos\mfc_plus_yolo\mfc_plus_yolo\src\darknet.c(76): warning C4244: '함수': 'double'에서 'float'(으)로 변환하면서 데이터가 손실될 수 있습니다.
c:\users\kimtaehyung\source\repos\mfc_plus_yolo\mfc_plus_yolo\src\darknet.c(78): warning C4244: '함수': 'double'에서 'float'(으)로 변환하면서 데이터가 손실될 수 있습니다.
c:\users\kimtaehyung\source\repos\mfc_plus_yolo\mfc_plus_yolo\src\darknet.c(79): warning C4244: '함수': 'double'에서 'float'(으)로 변환하면서 데이터가 손실될 수 있습니다.
c:\users\kimtaehyung\source\repos\mfc_plus_yolo\mfc_plus_yolo\src\darknet.c(80): warning C4244: '함수': 'double'에서 'float'(으)로 변환하면서 데이터가 손실될 수 있습니다.
c:\users\kimtaehyung\source\repos\mfc_plus_yolo\mfc_plus_yolo\src\darknet.c(84): warning C4244: '함수': 'double'에서 'float'(으)로 변환하면서 데이터가 손실될 수 있습니다.
c:\users\kimtaehyung\source\repos\mfc_plus_yolo\mfc_plus_yolo\src\darknet.c(85): warning C4244: '함수': 'double'에서 'float'(으)로 변환하면서 데이터가 손실될 수 있습니다.
c:\users\kimtaehyung\source\repos\mfc_plus_yolo\mfc_plus_yolo\src\darknet.c(479): warning C4305: '함수': 'double'에서 'float'(으)로 잘립니다.
c:\users\kimtaehyung\source\repos\mfc_plus_yolo\mfc_plus_yolo\src\darknet.c(508): warning C4244: '함수': 'double'에서 'int'(으)로 변환하면서 데이터가 손실될 수 있습니다.
MFC_plus_YoloDlg.obj : warning LNK4258: '/entry:WinMainCRTStartup' 지시문은 '/ENTRY:wWinMainCRTStartup' 스위치와 호환되지 않습니다. 무시됩니다.
  코드를 생성하고 있습니다.
  2 of 2715 functions (<0.1%) were compiled, the rest were copied from previous compilation.
    0 functions were new in current compilation
    1 functions had inline decision re-evaluated but remain unchanged
  코드를 생성했습니다.
  MFC_plus_Yolo.vcxproj -> C:\Users\kimtaehyung\source\repos\MFC_plus_Yolo\x64\Release\MFC_plus_Yolo.exe
